------------------------------------------------------------------------------------------------------------------------

[2020-10-19 16:47:25 #1 store] 
Database 'C:\Users\MikelGorka\git\Bets_Repository\SI2\resources\bets.temp' is opened by 6580@GorkaMikel

[2020-10-19 16:47:25 #2 type.registry] 
New type domain.User

[2020-10-19 16:47:25 #3 type.registry] 
New type domain.Admin

[2020-10-19 16:47:25 #4 type] 
Type domain.User is not enhanced.

[2020-10-19 16:47:25 #5 type] 
Type domain.Admin is not enhanced.

[2020-10-19 16:47:25 #6 type.registry] 
New type domain.Langilea

[2020-10-19 16:47:25 #7 type] 
Type domain.Langilea is not enhanced.

[2020-10-19 16:47:25 #8 type.registry] 
New type domain.Erabiltzailea

[2020-10-19 16:47:25 #9 type] 
Type domain.Erabiltzailea is not enhanced.

[2020-10-19 16:47:25 #10 type.registry] 
New type domain.SuperBet

[2020-10-19 16:47:25 #11 type.registry] 
New type java.util.Vector<domain.SuperBet>

[2020-10-19 16:47:25 #12 type.registry] 
New type domain.Bet

[2020-10-19 16:47:25 #13 type.registry] 
New type java.util.Vector<domain.Bet>

[2020-10-19 16:47:25 #14 type.registry] 
New type domain.Mugimendua

[2020-10-19 16:47:25 #15 type.registry] 
New type java.util.Vector<domain.Mugimendua>

[2020-10-19 16:47:25 #16 type] 
Type domain.SuperBet is not enhanced.

[2020-10-19 16:47:25 #17 type.registry] 
New type domain.Result

[2020-10-19 16:47:25 #18 type.registry] 
New type java.util.Vector<domain.Result>

[2020-10-19 16:47:25 #19 type] 
Type domain.Bet is not enhanced.

[2020-10-19 16:47:25 #20 type] 
Type domain.Mugimendua is not enhanced.

[2020-10-19 16:47:25 #21 type] 
Type domain.Result is not enhanced.

[2020-10-19 16:47:25 #22 type.registry] 
New type domain.Question

[2020-10-19 16:47:25 #23 type] 
Type domain.Question is not enhanced.

[2020-10-19 16:47:25 #24 type.registry] 
New type domain.Event

[2020-10-19 16:47:25 #25 type] 
Type domain.Event is not enhanced.

[2020-10-19 16:47:25 #26 type.registry] 
New type java.util.Vector<domain.Question>

[2020-10-19 16:47:25 #27 type.registry] 
New type java.util.Vector<java.lang.Object>

